<?xml version="1.0" encoding="UTF-8"?>
<!-- Generated by org.testng.reporters.JUnitXMLReporter -->
<testsuite ignored="1" hostname="SUBHA-DAS" failures="3" tests="30" name="Test2" time="59.538" errors="0" timestamp="2022-05-05T12:43:23 IST">
  <testcase classname="test.AnnoatationTest" name="testMethod1" time="0.006"/>
  <testcase classname="test.AnnoatationTest" name="testMethod2" time="0.001"/>
  <testcase classname="test.AssertFalse" name="f" time="10.023">
    <failure type="org.openqa.selenium.NoSuchElementException" message="no such element: Unable to locate element: {&amp;quot;method&amp;quot;:&amp;quot;css selector&amp;quot;,&amp;quot;selector&amp;quot;:&amp;quot;#SeniorCitizenDiscount&amp;quot;}
  (Session info: chrome=101.0.4951.54)
For documentation on this error, please visit: https://www.seleniumhq.org/exceptions/no_such_element.html
Build info: version: &amp;apos;3.141.59&amp;apos;, revision: &amp;apos;e82be7d358&amp;apos;, time: &amp;apos;2018-11-14T08:25:53&amp;apos;
System info: host: &amp;apos;SUBHA-DAS&amp;apos;, ip: &amp;apos;192.168.0.108&amp;apos;, os.name: &amp;apos;Windows 11&amp;apos;, os.arch: &amp;apos;amd64&amp;apos;, os.version: &amp;apos;10.0&amp;apos;, java.version: &amp;apos;17.0.2&amp;apos;
Driver info: org.openqa.selenium.chrome.ChromeDriver
Capabilities {acceptInsecureCerts: false, browserName: chrome, browserVersion: 101.0.4951.54, chrome: {chromedriverVersion: 100.0.4896.60 (6a5d10861ce8..., userDataDir: C:\Users\SUBHA DAS\AppData\...}, goog:chromeOptions: {debuggerAddress: localhost:56514}, javascriptEnabled: true, networkConnectionEnabled: false, pageLoadStrategy: normal, platform: WINDOWS, platformName: WINDOWS, proxy: Proxy(), setWindowRect: true, strictFileInteractability: false, timeouts: {implicit: 0, pageLoad: 300000, script: 30000}, unhandledPromptBehavior: dismiss and notify, webauthn:extension:credBlob: true, webauthn:extension:largeBlob: true, webauthn:virtualAuthenticators: true}
Session ID: 3c6f3aa399e81d2dcdcb8d39b9d9fde4
*** Element info: {Using=id, value=SeniorCitizenDiscount}">
      <![CDATA[org.openqa.selenium.NoSuchElementException: no such element: Unable to locate element: {"method":"css selector","selector":"#SeniorCitizenDiscount"}
  (Session info: chrome=101.0.4951.54)
For documentation on this error, please visit: https://www.seleniumhq.org/exceptions/no_such_element.html
Build info: version: '3.141.59', revision: 'e82be7d358', time: '2018-11-14T08:25:53'
System info: host: 'SUBHA-DAS', ip: '192.168.0.108', os.name: 'Windows 11', os.arch: 'amd64', os.version: '10.0', java.version: '17.0.2'
Driver info: org.openqa.selenium.chrome.ChromeDriver
Capabilities {acceptInsecureCerts: false, browserName: chrome, browserVersion: 101.0.4951.54, chrome: {chromedriverVersion: 100.0.4896.60 (6a5d10861ce8..., userDataDir: C:\Users\SUBHA DAS\AppData\...}, goog:chromeOptions: {debuggerAddress: localhost:56514}, javascriptEnabled: true, networkConnectionEnabled: false, pageLoadStrategy: normal, platform: WINDOWS, platformName: WINDOWS, proxy: Proxy(), setWindowRect: true, strictFileInteractability: false, timeouts: {implicit: 0, pageLoad: 300000, script: 30000}, unhandledPromptBehavior: dismiss and notify, webauthn:extension:credBlob: true, webauthn:extension:largeBlob: true, webauthn:virtualAuthenticators: true}
Session ID: 3c6f3aa399e81d2dcdcb8d39b9d9fde4
*** Element info: {Using=id, value=SeniorCitizenDiscount}
at org.openqa.selenium.remote.http.W3CHttpResponseCodec.createException(W3CHttpResponseCodec.java:187)
at org.openqa.selenium.remote.http.W3CHttpResponseCodec.decode(W3CHttpResponseCodec.java:122)
at org.openqa.selenium.remote.http.W3CHttpResponseCodec.decode(W3CHttpResponseCodec.java:49)
at org.openqa.selenium.remote.HttpCommandExecutor.execute(HttpCommandExecutor.java:158)
at org.openqa.selenium.remote.service.DriverCommandExecutor.execute(DriverCommandExecutor.java:83)
at org.openqa.selenium.remote.RemoteWebDriver.execute(RemoteWebDriver.java:552)
at org.openqa.selenium.remote.RemoteWebDriver.findElement(RemoteWebDriver.java:323)
at org.openqa.selenium.remote.RemoteWebDriver.findElementById(RemoteWebDriver.java:372)
at org.openqa.selenium.By$ById.findElement(By.java:188)
at org.openqa.selenium.remote.RemoteWebDriver.findElement(RemoteWebDriver.java:315)
at test.AssertFalse.f(AssertFalse.java:15)
at java.base/java.util.ArrayList.forEach(ArrayList.java:1511)
... Removed 32 stack frames]]>
    </failure>
  </testcase> <!-- f -->
  <testcase classname="test.Assertion" name="facebookTest" time="8.388">
    <failure type="java.lang.AssertionError" message="The following asserts failed:
	URL is Mismatched expected [https://en-gb.facebook.com/login/device-based/regular/login/?login_attempt=1&amp;amp;lwv=1] but found [https://en-gb.facebook.com/login/device-based/regular/login/?login_attempt=1&amp;amp;lwv=100],
	Error msg is Mismatched expected [Theee email address or mobile number you entered isn&amp;apos;t connected to an account. Find your account and log in.] but found [The email address or mobile number you entered isn&amp;apos;t connected to an account. Find your account and log in.]">
      <![CDATA[java.lang.AssertionError: The following asserts failed:
URL is Mismatched expected [https://en-gb.facebook.com/login/device-based/regular/login/?login_attempt=1&lwv=1] but found [https://en-gb.facebook.com/login/device-based/regular/login/?login_attempt=1&lwv=100],
Error msg is Mismatched expected [Theee email address or mobile number you entered isn't connected to an account. Find your account and log in.] but found [The email address or mobile number you entered isn't connected to an account. Find your account and log in.]
at test.Assertion.facebookTest(Assertion.java:48)
at java.base/java.util.ArrayList.forEach(ArrayList.java:1511)
... Removed 29 stack frames]]>
    </failure>
  </testcase> <!-- facebookTest -->
  <testcase classname="test.DemoTestNG" name="firstTestCase" time="6.883"/>
  <testcase classname="test.DemoTestNG" name="secondTestCase" time="6.643"/>
  <testcase classname="test.DependsOnAtrribute" name="webStudent" time="0.002"/>
  <testcase classname="test.DependsOnAtrribute" name="mobileStudent" time="0.004"/>
  <testcase classname="test.DependsOnAtrribute" name="TabStudent" time="0.002"/>
  <testcase classname="test.DescriptionAttributeTest" name="test1" time="0.001"/>
  <testcase classname="test.DescriptionAttributeTest" name="test2" time="0.001"/>
  <testcase classname="test.DescriptionAttributeTest" name="test3" time="0.0"/>
  <testcase classname="test.EnableAttribute" name="landingPage" time="0.002"/>
  <testcase classname="test.EnableAttribute" name="loginPage" time="0.002"/>
  <testcase classname="test.GroupsAttributes$Software_Company" name="infosys" time="0.001"/>
  <testcase classname="test.GroupsAttributes$Software_Company" name="technip" time="0.001"/>
  <testcase classname="test.GroupsAttributes$Software_Company" name="wipro" time="0.001"/>
  <testcase classname="test.ListenerTest" name="test1" time="0.0"/>
  <testcase classname="test.ListenerTest" name="test2" time="0.003"/>
  <testcase classname="test.ListenerTest" name="test3" time="0.011">
    <skipped/>
  </testcase> <!-- test3 -->
  <testcase classname="test.ListenerTest2" name="test4" time="0.001"/>
  <testcase classname="test.ListenerTest2" name="test5" time="0.0"/>
  <testcase classname="test.ListenerTest2" name="test6" time="0.0">
    <skipped/>
  </testcase> <!-- test6 -->
  <testcase classname="test.NewTest" name="f" time="26.781"/>
  <testcase classname="test.PriorityAttribute" name="landingPage" time="0.005"/>
  <testcase classname="test.PriorityAttribute" name="registrationPage" time="0.002"/>
  <testcase classname="test.PriorityAttribute" name="loginPage" time="0.003"/>
  <testcase classname="test.TimeoutAttribute" name="testcaes2" time="0.002"/>
  <testcase classname="test.TimeoutAttribute" name="testcase1" time="0.375">
    <failure type="org.testng.internal.thread.ThreadTimeoutException" message="Method test.TimeoutAttribute.testcase1() didn&amp;apos;t finish within the time-out 200">
      <![CDATA[org.testng.internal.thread.ThreadTimeoutException: Method test.TimeoutAttribute.testcase1() didn't finish within the time-out 200
at java.base/java.util.ArrayList.forEach(ArrayList.java:1511)
... Removed 24 stack frames]]>
    </failure>
  </testcase> <!-- testcase1 -->
  <testcase classname="test.TimeoutAttribute" name="testcase3" time="0.001"/>
  <testcase classname="test.EnableAttribute" name="registrationPage" time="0.0">
    <ignored/>
  </testcase> <!-- registrationPage -->
</testsuite> <!-- Test2 -->
